<?xml version="1.0" encoding="UTF-8"?>
<!-- Generated by org.testng.reporters.JUnitXMLReporter -->
<testsuite hostname="DESKTOP-7T1JQ3H" name="Test Manager Viewlet" tests="3" failures="0" timestamp="30 Apr 2019 06:57:49 GMT" time="21.624" errors="0">
  <testcase name="Login" time="17.174" classname="ApodGUI.ExtendSessionWindow19569"/>
  <testcase name="ExtensionPopup" time="0.0" classname="ApodGUI.ExtendSessionWindow19569"/>
  <testcase name="Logout" time="0.43" classname="ApodGUI.ExtendSessionWindow19569"/>
</testsuite> <!-- Test Manager Viewlet -->
