<?xml version="1.0" encoding="UTF-8"?>
<!-- Generated by org.testng.reporters.JUnitXMLReporter -->
<testsuite hostname="DESKTOP-7T1JQ3H" name="Add Dashboard reports" tests="3" failures="0" timestamp="21 May 2019 07:59:49 GMT" time="110.237" errors="0">
  <testcase name="Login" time="16.538" classname="ApodGUI.ListenerAtrributes_Edit_18419"/>
  <testcase name="creation" time="39.805" classname="ApodGUI.ListenerAtrributes_Edit_18419"/>
  <testcase name="EditProperties" time="50.152" classname="ApodGUI.ListenerAtrributes_Edit_18419"/>
</testsuite> <!-- Add Dashboard reports -->
