<?xml version="1.0" encoding="UTF-8"?>
<!-- Generated by org.testng.reporters.JUnitXMLReporter -->
<testsuite hostname="DESKTOP-7T1JQ3H" name="Test Manager Viewlet" tests="3" failures="0" timestamp="30 Apr 2019 06:54:53 GMT" time="23.062" errors="0">
  <testcase name="Login" time="16.543" classname="ApodGUI.AutoLogin19862"/>
  <testcase name="LoginUser" time="1.053" classname="ApodGUI.AutoLogin19862"/>
  <testcase name="Logout" time="0.414" classname="ApodGUI.AutoLogin19862"/>
</testsuite> <!-- Test Manager Viewlet -->
