<?xml version="1.0" encoding="UTF-8"?>
<!-- Generated by org.testng.reporters.JUnitXMLReporter -->
<testsuite hostname="DESKTOP-7T1JQ3H" name="Test Manager Viewlet" tests="3" failures="0" timestamp="19 Jun 2019 10:05:30 GMT" time="46.286" errors="0">
  <testcase name="Login" time="27.763" classname="ApodGUI.ExportMessagesText19715"/>
  <testcase name="ExportAllMessages" time="9.365" classname="ApodGUI.ExportMessagesText19715"/>
  <testcase name="Logout" time="2.693" classname="ApodGUI.ExportMessagesText19715"/>
</testsuite> <!-- Test Manager Viewlet -->
