<?xml version="1.0" encoding="UTF-8"?>
<!-- Generated by org.testng.reporters.JUnitXMLReporter -->
<testsuite hostname="DESKTOP-7T1JQ3H" name="EMS Role" tests="3" failures="0" timestamp="19 Jun 2019 10:02:03 GMT" time="23.471" errors="0">
  <testcase name="Login" time="15.069" classname="ApodGUI.EMSAdminRoles_19996"/>
  <testcase name="EMSRole" time="5.206" classname="ApodGUI.EMSAdminRoles_19996"/>
  <testcase name="Logout" time="0.365" classname="ApodGUI.EMSAdminRoles_19996"/>
</testsuite> <!-- EMS Role -->
