<?xml version="1.0" encoding="UTF-8"?>
<!-- Generated by org.testng.reporters.JUnitXMLReporter -->
<testsuite hostname="DESKTOP-7T1JQ3H" name="Test Manager Viewlet" tests="3" failures="0" timestamp="21 May 2019 07:54:46 GMT" time="24.346" errors="0">
  <testcase name="Login" time="19.707" classname="ApodGUI.AutoLogin19862"/>
  <testcase name="LoginUser" time="1.062" classname="ApodGUI.AutoLogin19862"/>
  <testcase name="Logout" time="0.329" classname="ApodGUI.AutoLogin19862"/>
</testsuite> <!-- Test Manager Viewlet -->
