<?xml version="1.0" encoding="UTF-8"?>
<!-- Generated by org.testng.reporters.JUnitXMLReporter -->
<testsuite hostname="DESKTOP-7T1JQ3H" name="Test Manager Viewlet" tests="3" failures="0" timestamp="8 May 2019 13:45:11 GMT" time="63.02" errors="0">
  <testcase name="Login" time="47.464" classname="ApodGUI.DatePicker19570"/>
  <testcase name="DatePickerPresent" time="5.927" classname="ApodGUI.DatePicker19570"/>
  <testcase name="Logout" time="6.05" classname="ApodGUI.DatePicker19570"/>
</testsuite> <!-- Test Manager Viewlet -->
