<?xml version="1.0" encoding="UTF-8"?>
<!-- Generated by org.testng.reporters.JUnitXMLReporter -->
<testsuite hostname="DESKTOP-7T1JQ3H" name="Manager Name" tests="3" failures="0" timestamp="29 Apr 2019 05:28:23 GMT" time="18.2" errors="0">
  <testcase name="Login" time="8.107" classname="ApodGUI.ManagerNameUnderServerGroup_20012"/>
  <testcase name="Manager" time="5.694" classname="ApodGUI.ManagerNameUnderServerGroup_20012"/>
  <testcase name="Logout" time="0.291" classname="ApodGUI.ManagerNameUnderServerGroup_20012"/>
</testsuite> <!-- Manager Name -->
