<?xml version="1.0" encoding="UTF-8"?>
<!-- Generated by org.testng.reporters.JUnitXMLReporter -->
<testsuite hostname="DESKTOP-7T1JQ3H" name="Test Manager Viewlet" tests="3" failures="0" timestamp="19 Jun 2019 10:07:37 GMT" time="34.316" errors="0">
  <testcase name="Login" time="18.341" classname="ApodGUI.NodeInsteadOfManager20002"/>
  <testcase name="Node" time="1.061" classname="ApodGUI.NodeInsteadOfManager20002"/>
  <testcase name="Logout" time="11.616" classname="ApodGUI.NodeInsteadOfManager20002"/>
</testsuite> <!-- Test Manager Viewlet -->
