<?xml version="1.0" encoding="UTF-8"?>
<!-- Generated by org.testng.reporters.JUnitXMLReporter -->
<testsuite hostname="DESKTOP-7T1JQ3H" name="Test Manager Viewlet" tests="3" failures="0" timestamp="30 Apr 2019 06:52:33 GMT" time="37.907" errors="0">
  <testcase name="Login" time="21.574" classname="ApodGUI.ExportMessagesText19715"/>
  <testcase name="ExportAllMessages" time="9.923" classname="ApodGUI.ExportMessagesText19715"/>
  <testcase name="Logout" time="2.763" classname="ApodGUI.ExportMessagesText19715"/>
</testsuite> <!-- Test Manager Viewlet -->
