<?xml version="1.0" encoding="UTF-8"?>
<!-- Generated by org.testng.reporters.JUnitXMLReporter -->
<testsuite hostname="DESKTOP-7T1JQ3H" name="Test Manager Viewlet" tests="4" failures="0" timestamp="19 Jun 2019 10:08:14 GMT" time="37.067" errors="0">
  <testcase name="Login" time="23.393" classname="ApodGUI.StartandStopListener18772"/>
  <testcase name="AddListenerViewlet" time="5.866" classname="ApodGUI.StartandStopListener18772"/>
  <testcase name="CommandOptions" time="1.436" classname="ApodGUI.StartandStopListener18772"/>
  <testcase name="Logout" time="2.875" classname="ApodGUI.StartandStopListener18772"/>
</testsuite> <!-- Test Manager Viewlet -->
